2021-04-06T00:25:23+00:00 CRITICAL Uncaught Error: Call to a member function set_userdata() on null in C:\xampp\htdocs\splice\wp-content\plugins\insert-php-code-snippet\shortcode-handler.php(65) : eval()'d code:4
Stack trace:
#0 C:\xampp\htdocs\splice\wp-content\plugins\insert-php-code-snippet\shortcode-handler.php(65): eval()
#1 C:\xampp\htdocs\splice\wp-includes\shortcodes.php(343): xyz_ips_display_content(Array, '', 'xyz-ips')
#2 [internal function]: do_shortcode_tag(Array)
#3 C:\xampp\htdocs\splice\wp-includes\shortcodes.php(218): preg_replace_callback('/\\[(\\[?)(xyz\\-i...', 'do_shortcode_ta...', '[xyz-ips snippe...')
#4 C:\xampp\htdocs\splice\wp-content\plugins\elementor\includes\widgets\shortcode.php(130): do_shortcode('[xyz-ips snippe...')
#5 C:\xampp\htdocs\splice\wp-content\plugins\elementor\includes\base\controls-stack.php(1892): Elementor\Widget_Shortcode->render()
#6 C:\xampp\htdocs\splice\wp-content\plugins\elementor\includes\base\widget-base.php(549): Elementor\Controls_Stack->render_by_mode()
#7 C:\xampp\htdocs\splice\wp-conte in C:\xampp\htdocs\splice\wp-content\plugins\insert-php-code-snippet\shortcode-handler.php(65) : eval()'d code on line 4

2021-04-06T00:26:08+00:00 CRITICAL Uncaught Error: Call to a member function set_userdata() on null in C:\xampp\htdocs\splice\wp-content\plugins\insert-php-code-snippet\shortcode-handler.php(65) : eval()'d code:4
Stack trace:
#0 C:\xampp\htdocs\splice\wp-content\plugins\insert-php-code-snippet\shortcode-handler.php(65): eval()
#1 C:\xampp\htdocs\splice\wp-includes\shortcodes.php(343): xyz_ips_display_content(Array, '', 'xyz-ips')
#2 [internal function]: do_shortcode_tag(Array)
#3 C:\xampp\htdocs\splice\wp-includes\shortcodes.php(218): preg_replace_callback('/\\[(\\[?)(xyz\\-i...', 'do_shortcode_ta...', '[xyz-ips snippe...')
#4 C:\xampp\htdocs\splice\wp-content\plugins\elementor\includes\widgets\shortcode.php(130): do_shortcode('[xyz-ips snippe...')
#5 C:\xampp\htdocs\splice\wp-content\plugins\elementor\includes\base\controls-stack.php(1892): Elementor\Widget_Shortcode->render()
#6 C:\xampp\htdocs\splice\wp-content\plugins\elementor\includes\base\widget-base.php(549): Elementor\Controls_Stack->render_by_mode()
#7 C:\xampp\htdocs\splice\wp-conte in C:\xampp\htdocs\splice\wp-content\plugins\insert-php-code-snippet\shortcode-handler.php(65) : eval()'d code on line 4

2021-04-06T00:26:10+00:00 CRITICAL Uncaught Error: Call to a member function set_userdata() on null in C:\xampp\htdocs\splice\wp-content\plugins\insert-php-code-snippet\shortcode-handler.php(65) : eval()'d code:4
Stack trace:
#0 C:\xampp\htdocs\splice\wp-content\plugins\insert-php-code-snippet\shortcode-handler.php(65): eval()
#1 C:\xampp\htdocs\splice\wp-includes\shortcodes.php(343): xyz_ips_display_content(Array, '', 'xyz-ips')
#2 [internal function]: do_shortcode_tag(Array)
#3 C:\xampp\htdocs\splice\wp-includes\shortcodes.php(218): preg_replace_callback('/\\[(\\[?)(xyz\\-i...', 'do_shortcode_ta...', '[xyz-ips snippe...')
#4 C:\xampp\htdocs\splice\wp-content\plugins\elementor\includes\widgets\shortcode.php(130): do_shortcode('[xyz-ips snippe...')
#5 C:\xampp\htdocs\splice\wp-content\plugins\elementor\includes\base\controls-stack.php(1892): Elementor\Widget_Shortcode->render()
#6 C:\xampp\htdocs\splice\wp-content\plugins\elementor\includes\base\widget-base.php(549): Elementor\Controls_Stack->render_by_mode()
#7 C:\xampp\htdocs\splice\wp-conte in C:\xampp\htdocs\splice\wp-content\plugins\insert-php-code-snippet\shortcode-handler.php(65) : eval()'d code on line 4

2021-04-06T00:27:19+00:00 CRITICAL Uncaught Error: Call to a member function set_userdata() on null in C:\xampp\htdocs\splice\wp-content\plugins\insert-php-code-snippet\shortcode-handler.php(65) : eval()'d code:5
Stack trace:
#0 C:\xampp\htdocs\splice\wp-content\plugins\insert-php-code-snippet\shortcode-handler.php(65): eval()
#1 C:\xampp\htdocs\splice\wp-includes\shortcodes.php(343): xyz_ips_display_content(Array, '', 'xyz-ips')
#2 [internal function]: do_shortcode_tag(Array)
#3 C:\xampp\htdocs\splice\wp-includes\shortcodes.php(218): preg_replace_callback('/\\[(\\[?)(xyz\\-i...', 'do_shortcode_ta...', '[xyz-ips snippe...')
#4 C:\xampp\htdocs\splice\wp-content\plugins\elementor\includes\widgets\shortcode.php(130): do_shortcode('[xyz-ips snippe...')
#5 C:\xampp\htdocs\splice\wp-content\plugins\elementor\includes\base\controls-stack.php(1892): Elementor\Widget_Shortcode->render()
#6 C:\xampp\htdocs\splice\wp-content\plugins\elementor\includes\base\widget-base.php(549): Elementor\Controls_Stack->render_by_mode()
#7 C:\xampp\htdocs\splice\wp-conte in C:\xampp\htdocs\splice\wp-content\plugins\insert-php-code-snippet\shortcode-handler.php(65) : eval()'d code on line 5

2021-04-06T00:28:54+00:00 CRITICAL Uncaught Error: Call to a member function set_userdata() on null in C:\xampp\htdocs\splice\wp-content\plugins\insert-php-code-snippet\shortcode-handler.php(65) : eval()'d code:3
Stack trace:
#0 C:\xampp\htdocs\splice\wp-content\plugins\insert-php-code-snippet\shortcode-handler.php(65): eval()
#1 C:\xampp\htdocs\splice\wp-includes\shortcodes.php(343): xyz_ips_display_content(Array, '', 'xyz-ips')
#2 [internal function]: do_shortcode_tag(Array)
#3 C:\xampp\htdocs\splice\wp-includes\shortcodes.php(218): preg_replace_callback('/\\[(\\[?)(xyz\\-i...', 'do_shortcode_ta...', '[xyz-ips snippe...')
#4 C:\xampp\htdocs\splice\wp-content\plugins\elementor\includes\widgets\shortcode.php(130): do_shortcode('[xyz-ips snippe...')
#5 C:\xampp\htdocs\splice\wp-content\plugins\elementor\includes\base\controls-stack.php(1892): Elementor\Widget_Shortcode->render()
#6 C:\xampp\htdocs\splice\wp-content\plugins\elementor\includes\base\widget-base.php(549): Elementor\Controls_Stack->render_by_mode()
#7 C:\xampp\htdocs\splice\wp-conte in C:\xampp\htdocs\splice\wp-content\plugins\insert-php-code-snippet\shortcode-handler.php(65) : eval()'d code on line 3

2021-04-06T00:30:03+00:00 CRITICAL Uncaught Error: Call to a member function set_userdata() on null in C:\xampp\htdocs\splice\wp-content\plugins\insert-php-code-snippet\shortcode-handler.php(65) : eval()'d code:3
Stack trace:
#0 C:\xampp\htdocs\splice\wp-content\plugins\insert-php-code-snippet\shortcode-handler.php(65): eval()
#1 C:\xampp\htdocs\splice\wp-includes\shortcodes.php(343): xyz_ips_display_content(Array, '', 'xyz-ips')
#2 [internal function]: do_shortcode_tag(Array)
#3 C:\xampp\htdocs\splice\wp-includes\shortcodes.php(218): preg_replace_callback('/\\[(\\[?)(xyz\\-i...', 'do_shortcode_ta...', '[xyz-ips snippe...')
#4 C:\xampp\htdocs\splice\wp-content\plugins\elementor\includes\widgets\shortcode.php(130): do_shortcode('[xyz-ips snippe...')
#5 C:\xampp\htdocs\splice\wp-content\plugins\elementor\includes\base\controls-stack.php(1892): Elementor\Widget_Shortcode->render()
#6 C:\xampp\htdocs\splice\wp-content\plugins\elementor\includes\base\widget-base.php(549): Elementor\Controls_Stack->render_by_mode()
#7 C:\xampp\htdocs\splice\wp-conte in C:\xampp\htdocs\splice\wp-content\plugins\insert-php-code-snippet\shortcode-handler.php(65) : eval()'d code on line 3

2021-04-06T00:36:59+00:00 CRITICAL Uncaught Error: Call to a member function set_userdata() on null in C:\xampp\htdocs\splice\wp-content\plugins\insert-php-code-snippet\shortcode-handler.php(65) : eval()'d code:3
Stack trace:
#0 C:\xampp\htdocs\splice\wp-content\plugins\insert-php-code-snippet\shortcode-handler.php(65): eval()
#1 C:\xampp\htdocs\splice\wp-includes\shortcodes.php(343): xyz_ips_display_content(Array, '', 'xyz-ips')
#2 [internal function]: do_shortcode_tag(Array)
#3 C:\xampp\htdocs\splice\wp-includes\shortcodes.php(218): preg_replace_callback('/\\[(\\[?)(xyz\\-i...', 'do_shortcode_ta...', '[xyz-ips snippe...')
#4 C:\xampp\htdocs\splice\wp-content\plugins\elementor\includes\widgets\shortcode.php(130): do_shortcode('[xyz-ips snippe...')
#5 C:\xampp\htdocs\splice\wp-content\plugins\elementor\includes\base\controls-stack.php(1892): Elementor\Widget_Shortcode->render()
#6 C:\xampp\htdocs\splice\wp-content\plugins\elementor\includes\base\widget-base.php(549): Elementor\Controls_Stack->render_by_mode()
#7 C:\xampp\htdocs\splice\wp-conte in C:\xampp\htdocs\splice\wp-content\plugins\insert-php-code-snippet\shortcode-handler.php(65) : eval()'d code on line 3

2021-04-06T02:13:27+00:00 CRITICAL Uncaught Error: Call to a member function set_userdata() on null in C:\xampp\htdocs\splice\wp-content\plugins\insert-php-code-snippet\shortcode-handler.php(65) : eval()'d code:3
Stack trace:
#0 C:\xampp\htdocs\splice\wp-content\plugins\insert-php-code-snippet\shortcode-handler.php(65): eval()
#1 C:\xampp\htdocs\splice\wp-includes\shortcodes.php(343): xyz_ips_display_content(Array, '', 'xyz-ips')
#2 [internal function]: do_shortcode_tag(Array)
#3 C:\xampp\htdocs\splice\wp-includes\shortcodes.php(218): preg_replace_callback('/\\[(\\[?)(xyz\\-i...', 'do_shortcode_ta...', '[xyz-ips snippe...')
#4 C:\xampp\htdocs\splice\wp-content\plugins\elementor\includes\widgets\shortcode.php(130): do_shortcode('[xyz-ips snippe...')
#5 C:\xampp\htdocs\splice\wp-content\plugins\elementor\includes\base\controls-stack.php(1892): Elementor\Widget_Shortcode->render()
#6 C:\xampp\htdocs\splice\wp-content\plugins\elementor\includes\base\widget-base.php(549): Elementor\Controls_Stack->render_by_mode()
#7 C:\xampp\htdocs\splice\wp-conte in C:\xampp\htdocs\splice\wp-content\plugins\insert-php-code-snippet\shortcode-handler.php(65) : eval()'d code on line 3

